<?xml version="1.0" encoding="UTF-8"?>
<!-- Generated by org.testng.reporters.JUnitReportReporter -->
<testsuite hostname="DESKTOP-1N09MB5" failures="0" tests="1" name="testscript.AdminUser_SearchTest" time="7.666" errors="0" timestamp="2024-12-04T15:28:57 IST" skipped="0">
  <testcase classname="testscript.AdminUser_SearchTest" name="verifyWhethersearchitemispresent" time="7.666"/>
  <system-out/>
</testsuite> <!-- testscript.AdminUser_SearchTest -->
