<?xml version="1.0" encoding="UTF-8"?>
<!-- Generated by org.testng.reporters.JUnitReportReporter -->
<testsuite hostname="DESKTOP-1N09MB5" failures="0" tests="1" name="testscript.AdminUser_Add_Test" time="12.303" errors="0" timestamp="2024-12-12T11:23:59 IST" skipped="0">
  <testcase classname="testscript.AdminUser_Add_Test" name="verifywhetheruserisadded" time="12.303"/>
  <system-out/>
</testsuite> <!-- testscript.AdminUser_Add_Test -->
