<?xml version="1.0" encoding="UTF-8"?>
<!-- Generated by org.testng.reporters.JUnitReportReporter -->
<testsuite hostname="DESKTOP-1N09MB5" failures="0" tests="1" name="testscript.SubCategory_SearchTest" time="10.305" errors="0" timestamp="2024-12-05T22:27:07 IST" skipped="0">
  <testcase classname="testscript.SubCategory_SearchTest" name="verifyUserIsAbleToSearch" time="10.305"/>
  <system-out/>
</testsuite> <!-- testscript.SubCategory_SearchTest -->
