<?xml version="1.0" encoding="UTF-8"?>
<!-- Generated by org.testng.reporters.JUnitReportReporter -->
<testsuite hostname="DESKTOP-1N09MB5" failures="0" tests="1" name="testscript.AdminUser_Add_Test" time="11.462" errors="0" timestamp="2024-12-19T19:33:50 IST" skipped="0">
  <testcase classname="testscript.AdminUser_Add_Test" name="verifywhetheruserisadded" time="11.462"/>
</testsuite> <!-- testscript.AdminUser_Add_Test -->
