<?xml version="1.0" encoding="UTF-8"?>
<!-- Generated by org.testng.reporters.JUnitReportReporter -->
<testsuite hostname="DESKTOP-1N09MB5" failures="0" tests="1" name="testscript.ManageUserTest" time="9.441" errors="0" timestamp="2024-12-05T20:45:03 IST" skipped="0">
  <testcase classname="testscript.ManageUserTest" name="verifywhetherAdminUsersareListed" time="9.441"/>
  <system-out/>
</testsuite> <!-- testscript.ManageUserTest -->
