<?xml version="1.0" encoding="UTF-8"?>
<!-- Generated by org.testng.reporters.JUnitReportReporter -->
<testsuite hostname="DESKTOP-1N09MB5" failures="0" tests="1" name="testscript.LoginTest" time="5.812" errors="0" timestamp="2024-12-19T19:48:55 IST" skipped="0">
  <testcase classname="testscript.LoginTest" name="verifyUserIsAbleToLogin_ValidUsernameInvalidPasswaord" time="5.812"/>
</testsuite> <!-- testscript.LoginTest -->
