<?xml version="1.0" encoding="UTF-8"?>
<!-- Generated by org.testng.reporters.JUnitReportReporter -->
<testsuite hostname="DESKTOP-1N09MB5" failures="0" tests="1" name="testscript.ManagePdt_Test" time="10.973" errors="0" timestamp="2024-12-05T22:32:14 IST" skipped="0">
  <testcase classname="testscript.ManagePdt_Test" name="verifyUSerisAbleToManageProducts" time="10.973"/>
  <system-out/>
</testsuite> <!-- testscript.ManagePdt_Test -->
