<?xml version="1.0" encoding="UTF-8"?>
<!-- Generated by org.testng.reporters.JUnitReportReporter -->
<testsuite hostname="DESKTOP-1N09MB5" failures="0" tests="1" name="testscript.ManageNewsTest" time="7.990" errors="0" timestamp="2024-12-05T22:09:24 IST" skipped="0">
  <testcase classname="testscript.ManageNewsTest" name="f" time="7.990"/>
  <system-out/>
</testsuite> <!-- testscript.ManageNewsTest -->
