<?xml version="1.0" encoding="UTF-8"?>
<!-- Generated by org.testng.reporters.JUnitReportReporter -->
<testsuite hostname="DESKTOP-1N09MB5" failures="0" tests="1" name="testscript.Home_Test" time="6.632" errors="0" timestamp="2024-12-03T16:44:55 IST" skipped="0">
  <testcase classname="testscript.Home_Test" name="verifyUserisabletoLogout" time="6.632"/>
  <system-out/>
</testsuite> <!-- testscript.Home_Test -->
